2025-05-16 09:58:09,472 - INFO - Successfully downloaded data for OMR
2025-05-16 09:58:09,478 - INFO - Successfully downloaded data for THB
2025-05-16 09:58:09,482 - INFO - Successfully downloaded data for MUR
2025-05-16 09:58:09,486 - INFO - Successfully downloaded data for HUF
2025-05-16 09:58:09,499 - INFO - Successfully downloaded data for CHF
2025-05-16 09:58:09,539 - INFO - Successfully downloaded data for QAR
2025-05-16 09:58:09,540 - INFO - Successfully downloaded data for CAD
2025-05-16 09:58:09,598 - INFO - Successfully downloaded data for CLP
2025-05-16 09:58:09,599 - INFO - Successfully downloaded data for PLN
2025-05-16 09:58:09,602 - INFO - Successfully downloaded data for LKR
2025-05-16 09:58:09,612 - INFO - Successfully downloaded data for ISK
2025-05-16 09:58:09,623 - INFO - Successfully downloaded data for MYR
2025-05-16 09:58:09,627 - INFO - Successfully downloaded data for GBP
2025-05-16 09:58:09,635 - INFO - Successfully downloaded data for INR
2025-05-16 09:58:09,638 - INFO - Successfully downloaded data for NOK
2025-05-16 09:58:09,651 - INFO - Successfully downloaded data for KZT
2025-05-16 09:58:09,652 - INFO - Successfully downloaded data for DKK
2025-05-16 09:58:09,666 - INFO - Successfully downloaded data for SAR
2025-05-16 09:58:09,667 - INFO - Successfully downloaded data for COP
2025-05-16 09:58:09,667 - INFO - Successfully downloaded data for NZD
2025-05-16 09:58:09,667 - INFO - Successfully downloaded data for IDR
2025-05-16 09:58:09,677 - INFO - Successfully downloaded data for KRW
2025-05-16 09:58:09,681 - INFO - Successfully downloaded data for CNY
2025-05-16 09:58:09,681 - INFO - Successfully downloaded data for PKR
2025-05-16 09:58:09,692 - INFO - Successfully downloaded data for BWP
2025-05-16 09:58:09,698 - INFO - Successfully downloaded data for BND
2025-05-16 09:58:09,701 - INFO - Successfully downloaded data for DZD
2025-05-16 09:58:09,708 - INFO - Successfully downloaded data for CZK
2025-05-16 09:58:09,709 - INFO - Successfully downloaded data for SGD
2025-05-16 09:58:09,717 - INFO - Successfully downloaded data for NPR
2025-05-16 09:58:09,724 - INFO - Successfully downloaded data for RUB
2025-05-16 09:58:09,724 - INFO - Successfully downloaded data for ZAR
2025-05-16 09:58:09,734 - INFO - Successfully downloaded data for USD
2025-05-16 09:58:09,734 - INFO - Successfully downloaded data for LYD
2025-05-16 09:58:09,737 - INFO - Successfully downloaded data for AUD
2025-05-16 09:58:09,748 - INFO - Successfully downloaded data for EUR
2025-05-16 09:58:09,750 - INFO - Successfully downloaded data for ILS
2025-05-16 09:58:09,751 - INFO - Successfully downloaded data for KWD
2025-05-16 09:58:09,751 - INFO - Successfully downloaded data for TTD
2025-05-16 09:58:09,754 - INFO - Successfully downloaded data for SEK
